# JRE version: OpenJDK Runtime Environment 18.9 (11.0.11+9) (build 11.0.11+9)
# Java VM: OpenJDK 64-Bit Server VM 18.9 (11.0.11+9, mixed mode, tiered, compressed oops, g1 gc, windows-amd64)
Heap:
 garbage-first heap   total 329728K, used 161163K [0x0000000740000000, 0x0000000800000000)
  region size 1024K, 13 young (13312K), 2 survivors (2048K)
 Metaspace       used 117955K, capacity 120135K, committed 124064K, reserved 1155072K
  class space    used 15835K, capacity 16768K, committed 18176K, reserved 1048576K
GC Heap History (20 events):
Event: 5147.127 GC heap before
{Heap before GC invocations=677 (full 15):
 garbage-first heap   total 329728K, used 210139K [0x0000000740000000, 0x0000000800000000)
  region size 1024K, 60 young (61440K), 1 survivors (1024K)
 Metaspace       used 117923K, capacity 120067K, committed 124064K, reserved 1155072K
  class space    used 15831K, capacity 16767K, committed 18176K, reserved 1048576K
}
Event: 5147.129 GC heap after
{Heap after GC invocations=678 (full 15):
 garbage-first heap   total 329728K, used 149754K [0x0000000740000000, 0x0000000800000000)
  region size 1024K, 1 young (1024K), 1 survivors (1024K)
 Metaspace       used 117923K, capacity 120067K, committed 124064K, reserved 1155072K
  class space    used 15831K, capacity 16767K, committed 18176K, reserved 1048576K
}
Event: 5147.594 GC heap before
{Heap before GC invocations=678 (full 15):
 garbage-first heap   total 329728K, used 210170K [0x0000000740000000, 0x0000000800000000)
  region size 1024K, 60 young (61440K), 1 survivors (1024K)
 Metaspace       used 117923K, capacity 120067K, committed 124064K, reserved 1155072K
  class space    used 15831K, capacity 16767K, committed 18176K, reserved 1048576K
}
Event: 5147.596 GC heap after
{Heap after GC invocations=679 (full 15):
 garbage-first heap   total 329728K, used 149769K [0x0000000740000000, 0x0000000800000000)
  region size 1024K, 1 young (1024K), 1 survivors (1024K)
 Metaspace       used 117923K, capacity 120067K, committed 124064K, reserved 1155072K
  class space    used 15831K, capacity 16767K, committed 18176K, reserved 1048576K
}
Event: 5148.521 GC heap before
{Heap before GC invocations=680 (full 15):
 garbage-first heap   total 329728K, used 210185K [0x0000000740000000, 0x0000000800000000)
  region size 1024K, 60 young (61440K), 1 survivors (1024K)
 Metaspace       used 117923K, capacity 120067K, committed 124064K, reserved 1155072K
  class space    used 15831K, capacity 16767K, committed 18176K, reserved 1048576K
}
Event: 5148.523 GC heap after
{Heap after GC invocations=681 (full 15):
 garbage-first heap   total 329728K, used 149747K [0x0000000740000000, 0x0000000800000000)
  region size 1024K, 1 young (1024K), 1 survivors (1024K)
 Metaspace       used 117923K, capacity 120067K, committed 124064K, reserved 1155072K
  class space    used 15831K, capacity 16767K, committed 18176K, reserved 1048576K
}
Event: 5149.453 GC heap before
{Heap before GC invocations=681 (full 15):
 garbage-first heap   total 329728K, used 210163K [0x0000000740000000, 0x0000000800000000)
  region size 1024K, 60 young (61440K), 1 survivors (1024K)
 Metaspace       used 117923K, capacity 120067K, committed 124064K, reserved 1155072K
  class space    used 15831K, capacity 16767K, committed 18176K, reserved 1048576K
}
Event: 5149.455 GC heap after
{Heap after GC invocations=682 (full 15):
 garbage-first heap   total 329728K, used 149730K [0x0000000740000000, 0x0000000800000000)
  region size 1024K, 1 young (1024K), 1 survivors (1024K)
 Metaspace       used 117923K, capacity 120067K, committed 124064K, reserved 1155072K
  class space    used 15831K, capacity 16767K, committed 18176K, reserved 1048576K
}
Event: 5149.847 GC heap before
{Heap before GC invocations=683 (full 15):
 garbage-first heap   total 329728K, used 210146K [0x0000000740000000, 0x0000000800000000)
  region size 1024K, 60 young (61440K), 1 survivors (1024K)
 Metaspace       used 117923K, capacity 120067K, committed 124064K, reserved 1155072K
  class space    used 15831K, capacity 16767K, committed 18176K, reserved 1048576K
}
Event: 5149.849 GC heap after
{Heap after GC invocations=684 (full 15):
 garbage-first heap   total 329728K, used 149725K [0x0000000740000000, 0x0000000800000000)
  region size 1024K, 1 young (1024K), 1 survivors (1024K)
 Metaspace       used 117923K, capacity 120067K, committed 124064K, reserved 1155072K
  class space    used 15831K, capacity 16767K, committed 18176K, reserved 1048576K
}
Event: 5150.200 GC heap before
{Heap before GC invocations=684 (full 15):
 garbage-first heap   total 329728K, used 210141K [0x0000000740000000, 0x0000000800000000)
  region size 1024K, 60 young (61440K), 1 survivors (1024K)
 Metaspace       used 117923K, capacity 120067K, committed 124064K, reserved 1155072K
  class space    used 15831K, capacity 16767K, committed 18176K, reserved 1048576K
}
Event: 5150.202 GC heap after
{Heap after GC invocations=685 (full 15):
 garbage-first heap   total 329728K, used 149714K [0x0000000740000000, 0x0000000800000000)
  region size 1024K, 1 young (1024K), 1 survivors (1024K)
 Metaspace       used 117923K, capacity 120067K, committed 124064K, reserved 1155072K
  class space    used 15831K, capacity 16767K, committed 18176K, reserved 1048576K
}
Event: 5151.213 GC heap before
{Heap before GC invocations=686 (full 15):
 garbage-first heap   total 329728K, used 210130K [0x0000000740000000, 0x0000000800000000)
  region size 1024K, 60 young (61440K), 1 survivors (1024K)
 Metaspace       used 117923K, capacity 120067K, committed 124064K, reserved 1155072K
  class space    used 15831K, capacity 16767K, committed 18176K, reserved 1048576K
}
Event: 5151.215 GC heap after
{Heap after GC invocations=687 (full 15):
 garbage-first heap   total 329728K, used 149820K [0x0000000740000000, 0x0000000800000000)
  region size 1024K, 1 young (1024K), 1 survivors (1024K)
 Metaspace       used 117923K, capacity 120067K, committed 124064K, reserved 1155072K
  class space    used 15831K, capacity 16767K, committed 18176K, reserved 1048576K
}
Event: 5151.581 GC heap before
{Heap before GC invocations=687 (full 15):
 garbage-first heap   total 329728K, used 210236K [0x0000000740000000, 0x0000000800000000)
  region size 1024K, 60 young (61440K), 1 survivors (1024K)
 Metaspace       used 117923K, capacity 120067K, committed 124064K, reserved 1155072K
  class space    used 15831K, capacity 16767K, committed 18176K, reserved 1048576K
}
Event: 5151.583 GC heap after
{Heap after GC invocations=688 (full 15):
 garbage-first heap   total 329728K, used 149781K [0x0000000740000000, 0x0000000800000000)
  region size 1024K, 1 young (1024K), 1 survivors (1024K)
 Metaspace       used 117923K, capacity 120067K, committed 124064K, reserved 1155072K
  class space    used 15831K, capacity 16767K, committed 18176K, reserved 1048576K
}
Event: 5230.606 GC heap before
{Heap before GC invocations=689 (full 15):
 garbage-first heap   total 329728K, used 210197K [0x0000000740000000, 0x0000000800000000)
  region size 1024K, 60 young (61440K), 1 survivors (1024K)
 Metaspace       used 117923K, capacity 120067K, committed 124064K, reserved 1155072K
  class space    used 15831K, capacity 16767K, committed 18176K, reserved 1048576K
}
Event: 5230.610 GC heap after
{Heap after GC invocations=690 (full 15):
 garbage-first heap   total 329728K, used 150273K [0x0000000740000000, 0x0000000800000000)
  region size 1024K, 1 young (1024K), 1 survivors (1024K)
 Metaspace       used 117923K, capacity 120067K, committed 124064K, reserved 1155072K
  class space    used 15831K, capacity 16767K, committed 18176K, reserved 1048576K
}
Event: 5303.386 GC heap before
{Heap before GC invocations=690 (full 15):
 garbage-first heap   total 329728K, used 210689K [0x0000000740000000, 0x0000000800000000)
  region size 1024K, 60 young (61440K), 1 survivors (1024K)
 Metaspace       used 117938K, capacity 120070K, committed 124064K, reserved 1155072K
  class space    used 15834K, capacity 16768K, committed 18176K, reserved 1048576K
}
Event: 5303.390 GC heap after
{Heap after GC invocations=691 (full 15):
 garbage-first heap   total 329728K, used 150923K [0x0000000740000000, 0x0000000800000000)
  region size 1024K, 2 young (2048K), 2 survivors (2048K)
 Metaspace       used 117938K, capacity 120070K, committed 124064K, reserved 1155072K
  class space    used 15834K, capacity 16768K, committed 18176K, reserved 1048576K
}

